{
  "stats": {
    "suites": 3,
    "tests": 2,
    "passes": 2,
    "pending": 0,
    "failures": 0,
    "start": "2022-06-03T15:54:25.707Z",
    "end": "2022-06-03T15:54:26.762Z",
    "duration": 1055,
    "testsRegistered": 2,
    "passPercent": 100,
    "pendingPercent": 0,
    "other": 0,
    "hasOther": false,
    "skipped": 0,
    "hasSkipped": false
  },
  "results": [
    {
      "uuid": "851977a3-ac3c-4b56-a795-ea6cd424b474",
      "title": "",
      "fullFile": "cypress/integration/Usuarios/GETUsuarios.spec.js",
      "file": "cypress/integration/Usuarios/GETUsuarios.spec.js",
      "beforeHooks": [],
      "afterHooks": [],
      "tests": [],
      "suites": [
        {
          "uuid": "dea8860c-fb09-4d93-bca1-648d544525aa",
          "title": "Given the Users API",
          "fullFile": "",
          "file": "",
          "beforeHooks": [],
          "afterHooks": [],
          "tests": [],
          "suites": [
            {
              "uuid": "e919865b-49bc-4225-b91c-f6673f88b37e",
              "title": "When I send GET /usuarios",
              "fullFile": "",
              "file": "",
              "beforeHooks": [],
              "afterHooks": [],
              "tests": [
                {
                  "title": "Then it should return a list with all registered users",
                  "fullTitle": "Given the Users API When I send GET /usuarios Then it should return a list with all registered users",
                  "timedOut": null,
                  "duration": 852,
                  "state": "passed",
                  "speed": "fast",
                  "pass": true,
                  "fail": false,
                  "pending": false,
                  "context": null,
                  "code": "// place your tests here\ncy.request({\n  method: 'GET',\n  url: '/usuarios'\n}).should(response => {\n  // all assertions should be placed here\n  expect(response.status).to.eq(200);\n  expect(response.body.quantidade).to.eq(response.body.usuarios.length); // Tests each item within the usuarios and that they should not equal null\n  Cypress._.each(response.body.usuarios, usuario => {\n    expect(usuario.email).to.not.be.null; // expect all items to have the following keys within the object\n    expect(usuario).to.have.all.keys('nome', 'email', 'password', 'administrador', '_id');\n  }); // cy.log(JSON.stringify(response.body))\n});",
                  "err": {},
                  "uuid": "6acfed7c-73bd-4661-b10a-715ea18bc861",
                  "parentUUID": "e919865b-49bc-4225-b91c-f6673f88b37e",
                  "isHook": false,
                  "skipped": false
                }
              ],
              "suites": [],
              "passes": [
                "6acfed7c-73bd-4661-b10a-715ea18bc861"
              ],
              "failures": [],
              "pending": [],
              "skipped": [],
              "duration": 852,
              "root": false,
              "rootEmpty": false,
              "_timeout": 2000
            },
            {
              "uuid": "4eae9547-4b01-48a2-a452-5b2515cf9056",
              "title": "When I send GET /usuarios passing id query param",
              "fullFile": "",
              "file": "",
              "beforeHooks": [],
              "afterHooks": [],
              "tests": [
                {
                  "title": "Then it should return only the filtered user",
                  "fullTitle": "Given the Users API When I send GET /usuarios passing id query param Then it should return only the filtered user",
                  "timedOut": null,
                  "duration": 148,
                  "state": "passed",
                  "speed": "fast",
                  "pass": true,
                  "fail": false,
                  "pending": false,
                  "context": null,
                  "code": "// place your tests here\ncy.request({\n  method: 'GET',\n  url: '/usuarios',\n  qs: {\n    _id: '0uxuPY0cbmQhpEz1'\n  }\n}).should(response => {\n  expect(response.status).to.eq(200);\n  expect(response.body.usuarios[0].nome).to.eq('Fulano da Silva');\n});",
                  "err": {},
                  "uuid": "fa969981-033c-4166-9eef-915775659fa8",
                  "parentUUID": "4eae9547-4b01-48a2-a452-5b2515cf9056",
                  "isHook": false,
                  "skipped": false
                }
              ],
              "suites": [],
              "passes": [
                "fa969981-033c-4166-9eef-915775659fa8"
              ],
              "failures": [],
              "pending": [],
              "skipped": [],
              "duration": 148,
              "root": false,
              "rootEmpty": false,
              "_timeout": 2000
            }
          ],
          "passes": [],
          "failures": [],
          "pending": [],
          "skipped": [],
          "duration": 0,
          "root": false,
          "rootEmpty": false,
          "_timeout": 2000
        }
      ],
      "passes": [],
      "failures": [],
      "pending": [],
      "skipped": [],
      "duration": 0,
      "root": true,
      "rootEmpty": true,
      "_timeout": 2000
    }
  ],
  "meta": {
    "mocha": {
      "version": "7.0.1"
    },
    "mochawesome": {
      "options": {
        "quiet": true,
        "reportFilename": "mochawesome",
        "saveHtml": false,
        "saveJson": true,
        "consoleReporter": "spec",
        "useInlineDiffs": false,
        "code": true
      },
      "version": "7.1.3"
    },
    "marge": {
      "options": {
        "id": "default",
        "reporterDir": "mochawesome-report",
        "quiet": true,
        "overwrite": false,
        "html": false,
        "json": true
      },
      "version": "6.2.0"
    }
  }
}