{
  "stats": {
    "suites": 3,
    "tests": 2,
    "passes": 2,
    "pending": 0,
    "failures": 0,
    "start": "2022-06-03T16:18:20.068Z",
    "end": "2022-06-03T16:18:21.288Z",
    "duration": 1220,
    "testsRegistered": 2,
    "passPercent": 100,
    "pendingPercent": 0,
    "other": 0,
    "hasOther": false,
    "skipped": 0,
    "hasSkipped": false
  },
  "results": [
    {
      "uuid": "650e14b7-6cb2-4036-ba41-623fbe5cb311",
      "title": "",
      "fullFile": "cypress/integration/Usuarios/GETUsuarios.spec.js",
      "file": "cypress/integration/Usuarios/GETUsuarios.spec.js",
      "beforeHooks": [],
      "afterHooks": [],
      "tests": [],
      "suites": [
        {
          "uuid": "8e38801f-9137-4cd1-a82c-231e20878e55",
          "title": "Given the Users API",
          "fullFile": "",
          "file": "",
          "beforeHooks": [],
          "afterHooks": [],
          "tests": [],
          "suites": [
            {
              "uuid": "b0bddd63-af41-45ce-8dd4-d3e6969a9f6a",
              "title": "When I send GET /usuarios",
              "fullFile": "",
              "file": "",
              "beforeHooks": [],
              "afterHooks": [],
              "tests": [
                {
                  "title": "Then it should return a list with all registered users",
                  "fullTitle": "Given the Users API When I send GET /usuarios Then it should return a list with all registered users",
                  "timedOut": null,
                  "duration": 1071,
                  "state": "passed",
                  "speed": "fast",
                  "pass": true,
                  "fail": false,
                  "pending": false,
                  "context": null,
                  "code": "// place your tests here\ncy.request({\n  method: 'GET',\n  url: '/usuarios'\n}).should(response => {\n  // all assertions should be placed here\n  expect(response.status).to.eq(200);\n  expect(response.body.quantidade).to.eq(response.body.usuarios.length); // cy.log(JSON.stringify(response))\n  // Tests each item within the usuarios and that they should not equal null\n  Cypress._.each(response.body.usuarios, usuario => {\n    expect(usuario.email).to.not.be.null; // expect all items to have the following keys within the object\n    expect(usuario).to.have.all.keys('nome', 'email', 'password', 'administrador', '_id');\n  }); // cy.log(JSON.stringify(response.body))\n});",
                  "err": {},
                  "uuid": "1c7364e2-e7af-44f4-88e7-34805327ce3b",
                  "parentUUID": "b0bddd63-af41-45ce-8dd4-d3e6969a9f6a",
                  "isHook": false,
                  "skipped": false
                }
              ],
              "suites": [],
              "passes": [
                "1c7364e2-e7af-44f4-88e7-34805327ce3b"
              ],
              "failures": [],
              "pending": [],
              "skipped": [],
              "duration": 1071,
              "root": false,
              "rootEmpty": false,
              "_timeout": 2000
            },
            {
              "uuid": "2d13435b-8381-4380-9514-1ce9dbd82685",
              "title": "When I send GET /usuarios passing id query param",
              "fullFile": "",
              "file": "",
              "beforeHooks": [],
              "afterHooks": [],
              "tests": [
                {
                  "title": "Then it should return only the filtered user",
                  "fullTitle": "Given the Users API When I send GET /usuarios passing id query param Then it should return only the filtered user",
                  "timedOut": null,
                  "duration": 63,
                  "state": "passed",
                  "speed": "fast",
                  "pass": true,
                  "fail": false,
                  "pending": false,
                  "context": null,
                  "code": "// place your tests here\ncy.request({\n  method: 'GET',\n  url: '/usuarios',\n  qs: {\n    _id: '2zZLQCn1wyYmiGUz'\n  }\n}).should(response => {\n  expect(response.status).to.eq(200); // cy.log(JSON.stringify(response))\n  expect(response.body.usuarios[0].nome).to.eq('Abel Goodwin I');\n});",
                  "err": {},
                  "uuid": "05f36597-9109-447b-a6de-3b878ef5173b",
                  "parentUUID": "2d13435b-8381-4380-9514-1ce9dbd82685",
                  "isHook": false,
                  "skipped": false
                }
              ],
              "suites": [],
              "passes": [
                "05f36597-9109-447b-a6de-3b878ef5173b"
              ],
              "failures": [],
              "pending": [],
              "skipped": [],
              "duration": 63,
              "root": false,
              "rootEmpty": false,
              "_timeout": 2000
            }
          ],
          "passes": [],
          "failures": [],
          "pending": [],
          "skipped": [],
          "duration": 0,
          "root": false,
          "rootEmpty": false,
          "_timeout": 2000
        }
      ],
      "passes": [],
      "failures": [],
      "pending": [],
      "skipped": [],
      "duration": 0,
      "root": true,
      "rootEmpty": true,
      "_timeout": 2000
    }
  ],
  "meta": {
    "mocha": {
      "version": "7.0.1"
    },
    "mochawesome": {
      "options": {
        "quiet": true,
        "reportFilename": "mochawesome",
        "saveHtml": false,
        "saveJson": true,
        "consoleReporter": "spec",
        "useInlineDiffs": false,
        "code": true
      },
      "version": "7.1.3"
    },
    "marge": {
      "options": {
        "id": "default",
        "reporterDir": "mochawesome-report",
        "quiet": true,
        "overwrite": false,
        "html": false,
        "json": true
      },
      "version": "6.2.0"
    }
  }
}