{
  "stats": {
    "suites": 2,
    "tests": 1,
    "passes": 1,
    "pending": 0,
    "failures": 0,
    "start": "2022-06-03T15:54:22.803Z",
    "end": "2022-06-03T15:54:23.066Z",
    "duration": 263,
    "testsRegistered": 1,
    "passPercent": 100,
    "pendingPercent": 0,
    "other": 0,
    "hasOther": false,
    "skipped": 0,
    "hasSkipped": false
  },
  "results": [
    {
      "uuid": "d3089d47-12f2-4496-b3f2-1a9701368482",
      "title": "",
      "fullFile": "cypress/integration/GETProdutos.spec.js",
      "file": "cypress/integration/GETProdutos.spec.js",
      "beforeHooks": [],
      "afterHooks": [],
      "tests": [],
      "suites": [
        {
          "uuid": "a28b58cd-711a-43d4-8e65-6b73c6672329",
          "title": "Getting Products from the API",
          "fullFile": "",
          "file": "",
          "beforeHooks": [],
          "afterHooks": [],
          "tests": [],
          "suites": [
            {
              "uuid": "001984c0-d8a0-497a-b6bb-fe3f5596b05e",
              "title": "GET method to /produtos",
              "fullFile": "",
              "file": "",
              "beforeHooks": [],
              "afterHooks": [],
              "tests": [
                {
                  "title": "should return a list with all products",
                  "fullTitle": "Getting Products from the API GET method to /produtos should return a list with all products",
                  "timedOut": null,
                  "duration": 242,
                  "state": "passed",
                  "speed": "fast",
                  "pass": true,
                  "fail": false,
                  "pending": false,
                  "context": null,
                  "code": "// Perform a request that gets items from the api\ncy.request({\n  method: 'GET',\n  url: '/produtos'\n}) // Response object below of what to expect\n.should(response => {\n  expect(response.status).to.eq(200);\n  expect(response.body.quantidade).to.eq(response.body.produtos.length); // expect(response.body.quantidade).to.eq(3)\n  // expect(response.body.produtos.length).to.be.eq(3)\n  expect(response.body.produtos[0]).to.have.all.keys('nome', 'preco', 'descricao', 'quantidade', '_id'); // cy.log(JSON.stringify(response.body))\n});",
                  "err": {},
                  "uuid": "60498173-d82f-4710-bd61-e91c6caf2b55",
                  "parentUUID": "001984c0-d8a0-497a-b6bb-fe3f5596b05e",
                  "isHook": false,
                  "skipped": false
                }
              ],
              "suites": [],
              "passes": [
                "60498173-d82f-4710-bd61-e91c6caf2b55"
              ],
              "failures": [],
              "pending": [],
              "skipped": [],
              "duration": 242,
              "root": false,
              "rootEmpty": false,
              "_timeout": 2000
            }
          ],
          "passes": [],
          "failures": [],
          "pending": [],
          "skipped": [],
          "duration": 0,
          "root": false,
          "rootEmpty": false,
          "_timeout": 2000
        }
      ],
      "passes": [],
      "failures": [],
      "pending": [],
      "skipped": [],
      "duration": 0,
      "root": true,
      "rootEmpty": true,
      "_timeout": 2000
    }
  ],
  "meta": {
    "mocha": {
      "version": "7.0.1"
    },
    "mochawesome": {
      "options": {
        "quiet": true,
        "reportFilename": "mochawesome",
        "saveHtml": false,
        "saveJson": true,
        "consoleReporter": "spec",
        "useInlineDiffs": false,
        "code": true
      },
      "version": "7.1.3"
    },
    "marge": {
      "options": {
        "id": "default",
        "reporterDir": "mochawesome-report",
        "quiet": true,
        "overwrite": false,
        "html": false,
        "json": true
      },
      "version": "6.2.0"
    }
  }
}